2021-09-17 07:21:03 INFO  Loop Output:24 - launchBrowser ...
2021-09-17 07:21:08 INFO  Loop Output:38 - navigate...
2021-09-17 07:21:13 INFO  Loop Output:54 - login...
2021-09-17 07:21:15 INFO  Loop Output:68 - minimizeFlyoutWindow...
2021-09-17 07:21:21 INFO  Loop Output:88 - createCustomer...
2021-09-17 07:21:33 INFO  Loop Output:110 - createProject...
2021-09-17 07:21:59 INFO  Loop Output:152 - deleteProject...
2021-09-17 07:22:05 INFO  Loop Output:171 - deleteCustomerser...
2021-09-17 07:22:08 INFO  Loop Output:185 - logout...
2021-09-17 07:22:08 INFO  Loop Output:196 - close...
2021-09-17 07:31:29 INFO  Loop Output:23 - launchBrowser ...
2021-09-17 07:31:35 INFO  Loop Output:37 - navigate...
2021-09-17 07:31:40 INFO  Loop Output:53 - login...
2021-09-17 07:31:42 INFO  Loop Output:67 - minimizeFlyoutWindow...
2021-09-17 07:31:47 INFO  Loop Output:87 - createCustomer...
2021-09-17 07:32:00 INFO  Loop Output:109 - createProject...
2021-09-17 07:32:09 INFO  Loop Output:169 - deleteProject...
2021-09-17 07:32:15 INFO  Loop Output:188 - deleteCustomerser...
2021-09-17 07:32:17 INFO  Loop Output:202 - logout...
2021-09-17 07:32:18 INFO  Loop Output:213 - close...
2021-09-17 07:44:49 INFO  Loop Output:24 - launchBrowser ...
2021-09-17 07:44:55 INFO  Loop Output:38 - navigate...
2021-09-17 07:44:59 INFO  Loop Output:54 - login...
2021-09-17 07:45:01 INFO  Loop Output:68 - minimizeFlyoutWindow...
2021-09-17 07:45:07 INFO  Loop Output:88 - createCustomer...
2021-09-17 07:45:19 INFO  Loop Output:110 - createProject...
2021-09-17 07:45:28 INFO  Loop Output:170 - deleteProject...
2021-09-17 07:45:34 INFO  Loop Output:189 - deleteCustomerser...
2021-09-17 07:45:37 INFO  Loop Output:203 - logout...
2021-09-17 07:45:37 INFO  Loop Output:214 - close...
2021-09-17 07:55:24 INFO  Loop Output:24 - launchBrowser ...
2021-09-17 07:55:30 INFO  Loop Output:37 - navigate...
2021-09-17 07:55:37 INFO  Loop Output:67 - login...
2021-09-17 07:55:45 INFO  Loop Output:67 - login...
2021-09-17 07:55:54 INFO  Loop Output:67 - login...
2021-09-17 07:55:56 INFO  Loop Output:49 - closeApplication...
2021-09-17 07:56:00 INFO  Loop Output:25 - launchBrowser ...
2021-09-17 07:56:06 INFO  Loop Output:39 - navigate...
2021-09-17 07:56:10 INFO  Loop Output:55 - login...
2021-09-17 07:56:13 INFO  Loop Output:69 - minimizeFlyoutWindow...
2021-09-17 07:56:17 INFO  Loop Output:91 - createUser...
2021-09-17 07:56:22 INFO  Loop Output:112 - modifyUser...
2021-09-17 07:56:29 INFO  Loop Output:133 - deleteUser...
2021-09-17 07:56:32 INFO  Loop Output:147 - logout...
2021-09-17 07:56:32 INFO  Loop Output:158 - close...
2021-09-17 07:56:36 INFO  Loop Output:24 - launchBrowser ...
2021-09-17 07:56:42 INFO  Loop Output:38 - navigate...
2021-09-17 07:56:46 INFO  Loop Output:54 - login...
2021-09-17 07:56:48 INFO  Loop Output:68 - minimizeFlyoutWindow...
2021-09-17 07:56:54 INFO  Loop Output:88 - createCustomer...
2021-09-17 07:57:00 INFO  Loop Output:107 - deleteCustomerser...
2021-09-17 07:57:03 INFO  Loop Output:121 - logout...
2021-09-17 07:57:03 INFO  Loop Output:132 - close...
2021-09-17 07:57:07 INFO  Loop Output:24 - launchBrowser ...
2021-09-17 07:57:12 INFO  Loop Output:38 - navigate...
2021-09-17 07:57:16 INFO  Loop Output:54 - login...
2021-09-17 07:57:19 INFO  Loop Output:68 - minimizeFlyoutWindow...
2021-09-17 07:57:24 INFO  Loop Output:88 - createCustomer...
2021-09-17 07:57:37 INFO  Loop Output:110 - modifyCustomer...
2021-09-17 07:57:43 INFO  Loop Output:130 - deleteCustomerser...
2021-09-17 07:57:46 INFO  Loop Output:144 - logout...
2021-09-17 07:57:46 INFO  Loop Output:155 - close...
2021-09-17 07:57:50 INFO  Loop Output:24 - launchBrowser ...
2021-09-17 07:57:56 INFO  Loop Output:38 - navigate...
2021-09-17 07:58:00 INFO  Loop Output:54 - login...
2021-09-17 07:58:02 INFO  Loop Output:68 - minimizeFlyoutWindow...
2021-09-17 07:58:08 INFO  Loop Output:88 - createCustomer...
2021-09-17 07:58:20 INFO  Loop Output:110 - createProject...
2021-09-17 07:58:29 INFO  Loop Output:130 - deleteProject...
2021-09-17 07:58:35 INFO  Loop Output:149 - deleteCustomerser...
2021-09-17 07:58:38 INFO  Loop Output:163 - logout...
2021-09-17 07:58:38 INFO  Loop Output:174 - close...
2021-09-17 07:58:42 INFO  Loop Output:24 - launchBrowser ...
2021-09-17 07:58:48 INFO  Loop Output:38 - navigate...
2021-09-17 07:58:52 INFO  Loop Output:54 - login...
2021-09-17 07:58:54 INFO  Loop Output:68 - minimizeFlyoutWindow...
2021-09-17 07:59:00 INFO  Loop Output:88 - createCustomer...
2021-09-17 07:59:12 INFO  Loop Output:110 - createProject...
2021-09-17 07:59:29 INFO  Loop Output:132 - modifyProject...
2021-09-17 07:59:37 INFO  Loop Output:153 - deleteProject...
2021-09-17 07:59:44 INFO  Loop Output:172 - deleteCustomerser...
2021-09-17 07:59:46 INFO  Loop Output:186 - logout...
2021-09-17 07:59:47 INFO  Loop Output:197 - close...
2021-09-17 07:59:51 INFO  Loop Output:24 - launchBrowser ...
2021-09-17 07:59:56 INFO  Loop Output:38 - navigate...
2021-09-17 08:00:00 INFO  Loop Output:54 - login...
2021-09-17 08:00:02 INFO  Loop Output:68 - minimizeFlyoutWindow...
2021-09-17 08:00:08 INFO  Loop Output:88 - createCustomer...
2021-09-17 08:00:20 INFO  Loop Output:110 - createProject...
2021-09-17 08:00:29 INFO  Loop Output:170 - deleteProject...
2021-09-17 08:00:36 INFO  Loop Output:189 - deleteCustomerser...
2021-09-17 08:00:38 INFO  Loop Output:203 - logout...
2021-09-17 08:00:38 INFO  Loop Output:214 - close...
2021-09-17 08:02:49 INFO  Loop Output:24 - launchBrowser ...
2021-09-17 08:02:59 INFO  Loop Output:38 - navigate...
2021-09-17 08:03:04 INFO  Loop Output:54 - login...
2021-09-17 08:03:06 INFO  Loop Output:68 - minimizeFlyoutWindow...
2021-09-17 08:03:12 INFO  Loop Output:88 - createCustomer...
2021-09-17 08:03:25 INFO  Loop Output:110 - createProject...
2021-09-17 08:03:42 INFO  Loop Output:130 - createTask...
2021-09-17 08:03:58 INFO  Loop Output:150 - deleteTask...
2021-09-17 08:04:07 INFO  Loop Output:170 - deleteProject...
2021-09-17 08:04:13 INFO  Loop Output:189 - deleteCustomerser...
2021-09-17 08:04:16 INFO  Loop Output:203 - logout...
2021-09-17 08:04:16 INFO  Loop Output:214 - close...
2021-09-17 09:30:17 INFO  Loop Output:24 - launchBrowser ...
2021-09-17 09:30:23 INFO  Loop Output:37 - navigate...
2021-09-17 09:30:30 INFO  Loop Output:67 - login...
2021-09-17 09:30:39 INFO  Loop Output:67 - login...
2021-09-17 09:30:48 INFO  Loop Output:67 - login...
2021-09-17 09:30:50 INFO  Loop Output:49 - closeApplication...
2021-09-17 09:30:56 INFO  Loop Output:25 - launchBrowser ...
2021-09-17 09:31:02 INFO  Loop Output:39 - navigate...
2021-09-17 09:31:06 INFO  Loop Output:55 - login...
2021-09-17 09:31:09 INFO  Loop Output:69 - minimizeFlyoutWindow...
2021-09-17 09:31:14 INFO  Loop Output:91 - createUser...
2021-09-17 09:31:19 INFO  Loop Output:112 - modifyUser...
2021-09-17 09:31:27 INFO  Loop Output:133 - deleteUser...
2021-09-17 09:31:31 INFO  Loop Output:147 - logout...
2021-09-17 09:31:31 INFO  Loop Output:158 - close...
2021-09-17 09:31:36 INFO  Loop Output:24 - launchBrowser ...
2021-09-17 09:31:42 INFO  Loop Output:38 - navigate...
2021-09-17 09:31:47 INFO  Loop Output:54 - login...
2021-09-17 09:31:49 INFO  Loop Output:68 - minimizeFlyoutWindow...
2021-09-17 09:31:55 INFO  Loop Output:88 - createCustomer...
2021-09-17 09:32:02 INFO  Loop Output:107 - deleteCustomerser...
2021-09-17 09:32:05 INFO  Loop Output:121 - logout...
2021-09-17 09:32:05 INFO  Loop Output:132 - close...
2021-09-17 09:32:09 INFO  Loop Output:24 - launchBrowser ...
2021-09-17 09:32:16 INFO  Loop Output:38 - navigate...
2021-09-17 09:32:20 INFO  Loop Output:54 - login...
2021-09-17 09:32:22 INFO  Loop Output:68 - minimizeFlyoutWindow...
2021-09-17 09:32:29 INFO  Loop Output:88 - createCustomer...
2021-09-17 09:32:42 INFO  Loop Output:110 - modifyCustomer...
2021-09-17 09:32:49 INFO  Loop Output:130 - deleteCustomerser...
2021-09-17 09:32:52 INFO  Loop Output:144 - logout...
2021-09-17 09:32:52 INFO  Loop Output:155 - close...
2021-09-17 09:32:57 INFO  Loop Output:24 - launchBrowser ...
2021-09-17 09:33:03 INFO  Loop Output:38 - navigate...
2021-09-17 09:33:08 INFO  Loop Output:54 - login...
2021-09-17 09:33:10 INFO  Loop Output:68 - minimizeFlyoutWindow...
2021-09-17 09:33:16 INFO  Loop Output:88 - createCustomer...
2021-09-17 09:33:29 INFO  Loop Output:110 - createProject...
2021-09-17 09:33:38 INFO  Loop Output:130 - deleteProject...
2021-09-17 09:33:45 INFO  Loop Output:149 - deleteCustomerser...
2021-09-17 09:33:48 INFO  Loop Output:163 - logout...
2021-09-17 09:33:48 INFO  Loop Output:174 - close...
2021-09-17 09:33:53 INFO  Loop Output:24 - launchBrowser ...
2021-09-17 09:33:59 INFO  Loop Output:38 - navigate...
2021-09-17 09:34:04 INFO  Loop Output:54 - login...
2021-09-17 09:34:06 INFO  Loop Output:68 - minimizeFlyoutWindow...
2021-09-17 09:34:12 INFO  Loop Output:88 - createCustomer...
2021-09-17 14:36:11 INFO  Loop Output:186 - logout...
2021-09-17 14:36:27 INFO  Loop Output:197 - close...
2021-09-17 14:36:49 INFO  Loop Output:24 - launchBrowser ...
2021-09-17 14:37:06 INFO  Loop Output:38 - navigate...
2021-09-17 14:37:11 INFO  Loop Output:54 - login...
2021-09-17 14:37:29 INFO  Loop Output:214 - close...
